============================= test session starts ==============================
platform darwin -- Python 3.11.12, pytest-8.4.1, pluggy-1.6.0 -- /Users/emanuelesabetta/Code/MFR/.venv/bin/python3
cachedir: .pytest_cache
rootdir: /Users/emanuelesabetta/Code/MFR
configfile: pyproject.toml
plugins: anyio-4.9.0, cov-6.2.1
collecting ... collected 120 items

tests/test_additional_coverage.py::TestFileSystemOperations::test_scan_with_symlinks PASSED [  0%]
tests/test_additional_coverage.py::TestFileSystemOperations::test_scan_with_gitignore PASSED [  1%]
tests/test_additional_coverage.py::TestFileSystemOperations::test_process_large_file_with_encoding_error PASSED [  2%]
tests/test_additional_coverage.py::TestFileSystemOperations::test_execute_transaction_os_errors PASSED [  3%]
tests/test_additional_coverage.py::TestFileSystemOperations::test_file_locking_error FAILED [  4%]
tests/test_additional_coverage.py::TestFileSystemOperations::test_rtf_file_processing PASSED [  5%]
tests/test_additional_coverage.py::TestFileSystemOperations::test_binary_file_detection_edge_cases PASSED [  5%]
tests/test_additional_coverage.py::TestFileSystemOperations::test_save_transactions_with_backup PASSED [  6%]
tests/test_additional_coverage.py::TestFileSystemOperations::test_load_transactions_invalid_json PASSED [  7%]
tests/test_additional_coverage.py::TestFileSystemOperations::test_folder_with_special_chars PASSED [  8%]
tests/test_additional_coverage.py::TestReplaceLogicEdgeCases::test_replace_with_unicode PASSED [  9%]
tests/test_additional_coverage.py::TestReplaceLogicEdgeCases::test_case_sensitive_replacements PASSED [ 10%]
tests/test_additional_coverage.py::TestReplaceLogicEdgeCases::test_overlapping_replacements PASSED [ 10%]
tests/test_additional_coverage.py::TestMainFlowEdgeCases::test_main_flow_with_modified_files_detection PASSED [ 11%]
tests/test_additional_coverage.py::TestMainFlowEdgeCases::test_main_flow_keyboard_interrupt PASSED [ 12%]
tests/test_additional_coverage.py::TestMainFlowEdgeCases::test_main_flow_with_all_skip_flags PASSED [ 13%]
tests/test_additional_coverage.py::TestUtilityFunctions::test_get_exclude_patterns PASSED [ 14%]
tests/test_additional_coverage.py::TestUtilityFunctions::test_update_transaction_status_edge_cases PASSED [ 15%]
tests/test_additional_coverage.py::TestUtilityFunctions::test_open_file_with_encoding_edge_cases PASSED [ 15%]
tests/test_additional_coverage.py::TestUtilityFunctions::test_group_and_process_file_transactions_edge_cases PASSED [ 16%]
tests/test_binary_handling.py::TestBinaryFileHandling::test_binary_detection PASSED [ 17%]
tests/test_binary_handling.py::TestBinaryFileHandling::test_binary_logging_simple PASSED [ 18%]
tests/test_binary_handling.py::TestBinaryFileHandling::test_binary_logging_multiple_extensions PASSED [ 19%]
tests/test_binary_handling.py::TestBinaryFileHandling::test_binary_large_file PASSED [ 20%]
tests/test_binary_handling.py::TestBinaryFileHandling::test_binary_no_matches PASSED [ 20%]
tests/test_binary_handling.py::TestBinaryFileHandling::test_binary_edge_cases PASSED [ 21%]
tests/test_binary_handling.py::TestBinaryFileHandling::test_binary_mixed_content PASSED [ 22%]
tests/test_binary_handling.py::TestBinaryFileHandling::test_transactions_for_binary PASSED [ 23%]
tests/test_binary_simple.py::test_binary_file_logging_simple PASSED      [ 24%]
tests/test_coverage_improvements.py::TestMainCLI::test_main_cli_help FAILED [ 25%]
tests/test_coverage_improvements.py::TestMainCLI::test_main_cli_self_test FAILED [ 25%]
tests/test_coverage_improvements.py::TestMainCLI::test_main_cli_self_test_failure FAILED [ 26%]
tests/test_coverage_improvements.py::TestMainCLI::test_main_cli_force_interactive_conflict FAILED [ 27%]
tests/test_coverage_improvements.py::TestMainCLI::test_main_cli_invalid_directory FAILED [ 28%]
tests/test_coverage_improvements.py::TestMainCLI::test_main_cli_not_directory FAILED [ 29%]
tests/test_coverage_improvements.py::TestMainCLI::test_main_cli_invalid_mapping_file FAILED [ 30%]
tests/test_coverage_improvements.py::TestMainCLI::test_main_cli_invalid_json FAILED [ 30%]
tests/test_coverage_improvements.py::TestMainCLI::test_main_cli_empty_mapping FAILED [ 31%]
tests/test_coverage_improvements.py::TestMainCLI::test_main_cli_invalid_ignore_file FAILED [ 32%]
tests/test_coverage_improvements.py::TestMainCLI::test_main_cli_timeout_validation FAILED [ 33%]
tests/test_coverage_improvements.py::TestMainCLI::test_main_cli_successful_run FAILED [ 34%]
tests/test_coverage_improvements.py::TestMainCLI::test_main_cli_with_failures FAILED [ 35%]
tests/test_coverage_improvements.py::TestMainFlow::test_main_flow_skip_scan_no_file PASSED [ 35%]
tests/test_coverage_improvements.py::TestMainFlow::test_main_flow_resume_no_file PASSED [ 36%]
tests/test_coverage_improvements.py::TestMainFlow::test_main_flow_empty_transaction_file PASSED [ 37%]
tests/test_coverage_improvements.py::TestMainFlow::test_main_flow_with_dry_run_reset FAILED [ 38%]
tests/test_coverage_improvements.py::TestMainFlow::test_main_flow_interactive_mode PASSED [ 39%]
tests/test_coverage_improvements.py::TestMainFlow::test_main_flow_quiet_mode PASSED [ 40%]
tests/test_coverage_improvements.py::TestMainFlow::test_main_flow_verbose_mode PASSED [ 40%]
tests/test_coverage_improvements.py::TestExecuteTransactions::test_interactive_mode_skip PASSED [ 41%]
tests/test_coverage_improvements.py::TestExecuteTransactions::test_interactive_mode_apply_all PASSED [ 42%]
tests/test_coverage_improvements.py::TestExecuteTransactions::test_transaction_with_high_retry_count PASSED [ 43%]
tests/test_coverage_improvements.py::TestHelperFunctions::test_get_logger_without_prefect PASSED [ 44%]
tests/test_coverage_improvements.py::TestHelperFunctions::test_get_logger_with_context_error PASSED [ 45%]
tests/test_coverage_improvements.py::TestHelperFunctions::test_print_mapping_table PASSED [ 45%]
tests/test_coverage_improvements.py::TestHelperFunctions::test_get_operation_description PASSED [ 46%]
tests/test_coverage_improvements.py::TestHelperFunctions::test_check_existing_transactions PASSED [ 47%]
tests/test_coverage_improvements.py::TestHelperFunctions::test_run_subprocess_command FAILED [ 48%]
tests/test_coverage_improvements.py::TestColorOutput::test_color_constants PASSED [ 49%]
tests/test_coverage_improvements.py::TestReplaceLogic::test_validate_mapping_structure PASSED [ 50%]
tests/test_coverage_improvements.py::TestFileOperations::test_get_file_encoding PASSED [ 50%]
tests/test_coverage_improvements.py::TestFileOperations::test_is_binary_file PASSED [ 51%]
tests/test_coverage_improvements.py::TestFileOperations::test_transaction_status_update PASSED [ 52%]
tests/test_coverage_improvements.py::TestFileOperations::test_load_ignore_patterns PASSED [ 53%]
tests/test_coverage_improvements.py::TestFileOperations::test_folder_rename_collision PASSED [ 54%]
tests/test_final_coverage.py::TestPrefectIntegration::test_main_flow_with_prefect PASSED [ 55%]
tests/test_final_coverage.py::TestPrefectIntegration::test_subprocess_flush_handlers FAILED [ 55%]
tests/test_final_coverage.py::TestPrefectIntegration::test_subprocess_without_flush FAILED [ 56%]
tests/test_final_coverage.py::TestMainCLIEdgeCases::test_main_cli_exception_handling FAILED [ 57%]
tests/test_final_coverage.py::TestMainCLIEdgeCases::test_main_cli_json_key_error FAILED [ 58%]
tests/test_final_coverage.py::TestMainCLIEdgeCases::test_main_cli_cyclic_mapping FAILED [ 59%]
tests/test_final_coverage.py::TestMainCLIEdgeCases::test_main_cli_user_confirmation_no FAILED [ 60%]
tests/test_final_coverage.py::TestMainCLIEdgeCases::test_main_cli_timeout_zero FAILED [ 60%]
tests/test_final_coverage.py::TestCheckExistingTransactions::test_all_transactions_completed PASSED [ 61%]
tests/test_final_coverage.py::TestCheckExistingTransactions::test_no_transactions PASSED [ 62%]
tests/test_final_coverage.py::TestTransactionProcessing::test_symlink_rename_dry_run PASSED [ 63%]
tests/test_final_coverage.py::TestTransactionProcessing::test_file_rename_permission_error FAILED [ 64%]
tests/test_final_coverage.py::TestTransactionProcessing::test_content_change_with_no_changes PASSED [ 65%]
tests/test_final_coverage.py::TestLoggerFunctions::test_log_message_functions PASSED [ 65%]
tests/test_final_coverage.py::TestLoggerFunctions::test_replace_logic_functions PASSED [ 66%]
tests/test_final_coverage.py::TestStringProcessing::test_canonicalize_edge_cases PASSED [ 67%]
tests/test_final_coverage.py::TestStringProcessing::test_strip_functions PASSED [ 68%]
tests/test_final_coverage.py::TestEncodingDetection::test_encoding_detection_edge_cases PASSED [ 69%]
tests/test_final_coverage.py::TestRTFProcessing::test_rtf_to_text_edge_cases PASSED [ 70%]
tests/test_final_coverage.py::TestFileOperationHelpers::test_transaction_type_enum PASSED [ 70%]
tests/test_final_coverage.py::TestFileOperationHelpers::test_transaction_status_enum PASSED [ 71%]
tests/test_final_coverage.py::TestScanEdgeCases::test_scan_with_permission_error PASSED [ 72%]
tests/test_github_integration.py::TestGitHubIntegration::test_clone_and_setup_public_repo PASSED [ 73%]
tests/test_github_integration.py::TestGitHubIntegration::test_build_mfr_in_container PASSED [ 74%]
tests/test_github_integration.py::TestGitHubIntegration::test_mfr_on_cloned_repo SKIPPED [ 75%]
tests/test_github_integration.py::TestGitHubIntegration::test_github_cli_operations PASSED [ 75%]
tests/test_mass_find_replace.py::test_dry_run_behavior PASSED            [ 76%]
tests/test_mass_find_replace.py::test_dry_run_virtual_paths PASSED       [ 77%]
tests/test_mass_find_replace.py::test_path_resolution_after_rename PASSED [ 78%]
tests/test_mass_find_replace.py::test_folder_nesting PASSED              [ 79%]
tests/test_mass_find_replace.py::test_unicode_combining_chars PASSED     [ 80%]
tests/test_mass_find_replace.py::test_permission_error_handling PASSED   [ 80%]
tests/test_mass_find_replace.py::test_self_test_option
